#
# There is insufficient memory for the Java Runtime Environment to continue.
# Native memory allocation (malloc) failed to allocate 1411056 bytes for Chunk::new
# Possible reasons:
#   The system is out of physical RAM or swap space
#   The process is running with CompressedOops enabled, and the Java Heap may be blocking the growth of the native heap
# Possible solutions:
#   Reduce memory load on the system
#   Increase physical memory or swap space
#   Check if swap backing store is full
#   Decrease Java heap size (-Xmx/-Xms)
#   Decrease number of Java threads
#   Decrease Java thread stack sizes (-Xss)
#   Set larger code cache with -XX:ReservedCodeCacheSize=
#   JVM is running with Zero Based Compressed Oops mode in which the Java heap is
#     placed in the first 32GB address space. The Java Heap base address is the
#     maximum limit for the native heap growth. Please use -XX:HeapBaseMinAddress
#     to set the Java Heap base and to place the Java Heap above 32GB virtual address.
# This output file may be truncated or incomplete.
#
#  Out of Memory Error (arena.cpp:168), pid=13876, tid=23920
#
# JRE version: Java(TM) SE Runtime Environment (21.0.1+12) (build 21.0.1+12-LTS-29)
# Java VM: Java HotSpot(TM) 64-Bit Server VM (21.0.1+12-LTS-29, mixed mode, sharing, tiered, compressed oops, compressed class ptrs, g1 gc, windows-amd64)
# No core dump will be written. Minidumps are not enabled by default on client versions of Windows
#

---------------  S U M M A R Y ------------

Command Line: -javaagent:D:\[phanmemmaytinh.org]Proteus-Professional-8.17-SP2\intellij\IntelliJ IDEA Community Edition 2025.2.4\lib\idea_rt.jar=50488 -Dfile.encoding=UTF-8 -Dsun.stdout.encoding=UTF-8 -Dsun.stderr.encoding=UTF-8 --module-path=C:\Users\ducp4\Downloads\TankServer\target\classes;C:\Users\ducp4\.m2\repository\org\json\json\20230227\json-20230227.jar;C:\Users\ducp4\.m2\repository\org\openjfx\javafx-fxml\21\javafx-fxml-21-win.jar;C:\Users\ducp4\.m2\repository\org\openjfx\javafx-graphics\21\javafx-graphics-21-win.jar;C:\Users\ducp4\.m2\repository\org\openjfx\javafx-base\21\javafx-base-21-win.jar;C:\Users\ducp4\.m2\repository\org\openjfx\javafx-controls\21\javafx-controls-21-win.jar -Djdk.module.main=com.tank2d.tankserver com.tank2d.tankserver/com.tank2d.tankserver.MasterServerMain

Host: 12th Gen Intel(R) Core(TM) i5-12500H, 16 cores, 15G,  Windows 11 , 64 bit Build 26100 (10.0.26100.7019)
Time: Sun Dec 14 23:08:14 2025 SE Asia Standard Time elapsed time: 22.626602 seconds (0d 0h 0m 22s)

---------------  T H R E A D  ---------------

Current thread (0x0000029e6f197860):  JavaThread "C2 CompilerThread1" daemon [_thread_in_native, id=23920, stack(0x000000d52db00000,0x000000d52dc00000) (1024K)]


Current CompileTask:
C2:  22626 5089   !   4       javafx.scene.CssStyleHelper::transitionToState (1039 bytes)

Stack: [0x000000d52db00000,0x000000d52dc00000]
Native frames: (J=compiled Java code, j=interpreted, Vv=VM code, C=native code)
V  [jvm.dll+0x6c9029]
V  [jvm.dll+0x854b81]
V  [jvm.dll+0x856e5e]
V  [jvm.dll+0x857543]
V  [jvm.dll+0x280c06]
V  [jvm.dll+0xc3ead]
V  [jvm.dll+0xc43c3]
V  [jvm.dll+0x2f3f3f]
V  [jvm.dll+0x5f40a6]
V  [jvm.dll+0x252bef]
V  [jvm.dll+0x252fbf]
V  [jvm.dll+0x24b734]
V  [jvm.dll+0x248fa3]
V  [jvm.dll+0x1c9ca1]
V  [jvm.dll+0x2586b9]
V  [jvm.dll+0x256c9a]
V  [jvm.dll+0x3ef1b6]
V  [jvm.dll+0x7fd728]
V  [jvm.dll+0x6c777d]
C  [ucrtbase.dll+0x37b0]
C  [KERNEL32.DLL+0x2e8d7]
C  [ntdll.dll+0x8c53c]


---------------  P R O C E S S  ---------------

Threads class SMR info:
_java_thread_list=0x0000029e78c72580, length=33, elements={
0x0000029e081ca980, 0x0000029e292d6b40, 0x0000029e292d96b0, 0x0000029e292dd8c0,
0x0000029e292dea10, 0x0000029e292e1bc0, 0x0000029e292ea630, 0x0000029e6f118090,
0x0000029e6f118c60, 0x0000029e6f2234d0, 0x0000029e6fd6fed0, 0x0000029e6fd70540,
0x0000029e70070800, 0x0000029e6f9ab390, 0x0000029e701189b0, 0x0000029e70982a00,
0x0000029e70999df0, 0x0000029e76213f60, 0x0000029e762138d0, 0x0000029e762145f0,
0x0000029e76214c80, 0x0000029e76213240, 0x0000029e76212520, 0x0000029e76215310,
0x0000029e76212bb0, 0x0000029e700e5230, 0x0000029e700e58c0, 0x0000029e6f197860,
0x0000029e6f1993a0, 0x0000029e6f19a140, 0x0000029e6f198600, 0x0000029e6f198cd0,
0x0000029e6f196ac0
}

Java Threads: ( => current thread )
  0x0000029e081ca980 JavaThread "main"                              [_thread_blocked, id=6816, stack(0x000000d529500000,0x000000d529600000) (1024K)]
  0x0000029e292d6b40 JavaThread "Reference Handler"          daemon [_thread_blocked, id=21816, stack(0x000000d529d00000,0x000000d529e00000) (1024K)]
  0x0000029e292d96b0 JavaThread "Finalizer"                  daemon [_thread_blocked, id=20536, stack(0x000000d529e00000,0x000000d529f00000) (1024K)]
  0x0000029e292dd8c0 JavaThread "Signal Dispatcher"          daemon [_thread_blocked, id=19316, stack(0x000000d529f00000,0x000000d52a000000) (1024K)]
  0x0000029e292dea10 JavaThread "Attach Listener"            daemon [_thread_blocked, id=5484, stack(0x000000d52a000000,0x000000d52a100000) (1024K)]
  0x0000029e292e1bc0 JavaThread "Service Thread"             daemon [_thread_blocked, id=12088, stack(0x000000d52a100000,0x000000d52a200000) (1024K)]
  0x0000029e292ea630 JavaThread "Monitor Deflation Thread"   daemon [_thread_blocked, id=8128, stack(0x000000d52a200000,0x000000d52a300000) (1024K)]
  0x0000029e6f118090 JavaThread "C2 CompilerThread0"         daemon [_thread_blocked, id=24304, stack(0x000000d52a300000,0x000000d52a400000) (1024K)]
  0x0000029e6f118c60 JavaThread "C1 CompilerThread0"         daemon [_thread_blocked, id=22148, stack(0x000000d52a400000,0x000000d52a500000) (1024K)]
  0x0000029e6f2234d0 JavaThread "Common-Cleaner"             daemon [_thread_blocked, id=14116, stack(0x000000d52a700000,0x000000d52a800000) (1024K)]
  0x0000029e6fd6fed0 JavaThread "Monitor Ctrl-Break"         daemon [_thread_in_native, id=25400, stack(0x000000d52ae00000,0x000000d52af00000) (1024K)]
  0x0000029e6fd70540 JavaThread "Notification Thread"        daemon [_thread_blocked, id=23360, stack(0x000000d52af00000,0x000000d52b000000) (1024K)]
  0x0000029e70070800 JavaThread "QuantumRenderer-0"          daemon [_thread_blocked, id=23076, stack(0x000000d52ad00000,0x000000d52ae00000) (1024K)]
  0x0000029e6f9ab390 JavaThread "InvokeLaterDispatcher"      daemon [_thread_blocked, id=24616, stack(0x000000d52a900000,0x000000d52aa00000) (1024K)]
  0x0000029e701189b0 JavaThread "JavaFX Application Thread"         [_thread_in_native, id=5932, stack(0x000000d52aa00000,0x000000d52ab00000) (1024K)]
  0x0000029e70982a00 JavaThread "Thread-1"                   daemon [_thread_in_native, id=25060, stack(0x000000d52c100000,0x000000d52c200000) (1024K)]
  0x0000029e70999df0 JavaThread "JavaFX-Launcher"                   [_thread_blocked, id=20808, stack(0x000000d52c700000,0x000000d52c800000) (1024K)]
  0x0000029e76213f60 JavaThread "Prism Font Disposer"        daemon [_thread_blocked, id=24460, stack(0x000000d52cd00000,0x000000d52ce00000) (1024K)]
  0x0000029e762138d0 JavaThread "Cleaner-0"                  daemon [_thread_blocked, id=7752, stack(0x000000d52d500000,0x000000d52d600000) (1024K)]
  0x0000029e762145f0 JavaThread "Thread-3"                          [_thread_in_native, id=11724, stack(0x000000d52c800000,0x000000d52c900000) (1024K)]
  0x0000029e76214c80 JavaThread "Thread-4"                          [_thread_blocked, id=3704, stack(0x000000d52c900000,0x000000d52ca00000) (1024K)]
  0x0000029e76213240 JavaThread "Thread-5"                          [_thread_blocked, id=17244, stack(0x000000d52d400000,0x000000d52d500000) (1024K)]
  0x0000029e76212520 JavaThread "ReceiverThread"                    [_thread_in_native, id=2736, stack(0x000000d52d600000,0x000000d52d700000) (1024K)]
  0x0000029e76215310 JavaThread "BroadcastThread"                   [_thread_blocked, id=13880, stack(0x000000d52d700000,0x000000d52d800000) (1024K)]
  0x0000029e76212bb0 JavaThread "Thread-6"                          [_thread_in_native, id=23104, stack(0x000000d52a500000,0x000000d52a600000) (1024K)]
  0x0000029e700e5230 JavaThread "mysql-cj-abandoned-connection-cleanup" daemon [_thread_blocked, id=14584, stack(0x000000d52a600000,0x000000d52a700000) (1024K)]
  0x0000029e700e58c0 JavaThread "Thread-7"                          [_thread_in_native, id=7512, stack(0x000000d52da00000,0x000000d52db00000) (1024K)]
=>0x0000029e6f197860 JavaThread "C2 CompilerThread1"         daemon [_thread_in_native, id=23920, stack(0x000000d52db00000,0x000000d52dc00000) (1024K)]
  0x0000029e6f1993a0 JavaThread "C2 CompilerThread2"         daemon [_thread_in_native, id=21140, stack(0x000000d52dc00000,0x000000d52dd00000) (1024K)]
  0x0000029e6f19a140 JavaThread "C2 CompilerThread3"         daemon [_thread_in_native, id=21728, stack(0x000000d52dd00000,0x000000d52de00000) (1024K)]
  0x0000029e6f198600 JavaThread "C1 CompilerThread1"         daemon [_thread_blocked, id=13064, stack(0x000000d52de00000,0x000000d52df00000) (1024K)]
  0x0000029e6f198cd0 JavaThread "C1 CompilerThread2"         daemon [_thread_blocked, id=21692, stack(0x000000d52df00000,0x000000d52e000000) (1024K)]
  0x0000029e6f196ac0 JavaThread "C1 CompilerThread3"         daemon [_thread_blocked, id=20636, stack(0x000000d52e000000,0x000000d52e100000) (1024K)]
Total: 33

Other Threads:
  0x0000029e292b9760 VMThread "VM Thread"                           [id=972, stack(0x000000d529c00000,0x000000d529d00000) (1024K)]
  0x0000029e2929deb0 WatcherThread "VM Periodic Task Thread"        [id=320, stack(0x000000d529b00000,0x000000d529c00000) (1024K)]
  0x0000029e0a4c3380 WorkerThread "GC Thread#0"                     [id=9460, stack(0x000000d529600000,0x000000d529700000) (1024K)]
  0x0000029e709a6920 WorkerThread "GC Thread#1"                     [id=8552, stack(0x000000d52c200000,0x000000d52c300000) (1024K)]
  0x0000029e709a74e0 WorkerThread "GC Thread#2"                     [id=23384, stack(0x000000d52c300000,0x000000d52c400000) (1024K)]
  0x0000029e709a7c90 WorkerThread "GC Thread#3"                     [id=6236, stack(0x000000d52c400000,0x000000d52c500000) (1024K)]
  0x0000029e70995180 WorkerThread "GC Thread#4"                     [id=11824, stack(0x000000d52c500000,0x000000d52c600000) (1024K)]
  0x0000029e70996000 WorkerThread "GC Thread#5"                     [id=20616, stack(0x000000d52c600000,0x000000d52c700000) (1024K)]
  0x0000029e70996740 WorkerThread "GC Thread#6"                     [id=2872, stack(0x000000d52ce00000,0x000000d52cf00000) (1024K)]
  0x0000029e70994de0 WorkerThread "GC Thread#7"                     [id=24508, stack(0x000000d52cf00000,0x000000d52d000000) (1024K)]
  0x0000029e76995770 WorkerThread "GC Thread#8"                     [id=11000, stack(0x000000d52d000000,0x000000d52d100000) (1024K)]
  0x0000029e769948f0 WorkerThread "GC Thread#9"                     [id=8448, stack(0x000000d52d100000,0x000000d52d200000) (1024K)]
  0x0000029e76995b10 WorkerThread "GC Thread#10"                    [id=25080, stack(0x000000d52d200000,0x000000d52d300000) (1024K)]
  0x0000029e76992850 WorkerThread "GC Thread#11"                    [id=11752, stack(0x000000d52d300000,0x000000d52d400000) (1024K)]
  0x0000029e76993a70 WorkerThread "GC Thread#12"                    [id=8856, stack(0x000000d52a800000,0x000000d52a900000) (1024K)]
  0x0000029e0a512410 ConcurrentGCThread "G1 Main Marker"            [id=8100, stack(0x000000d529700000,0x000000d529800000) (1024K)]
  0x0000029e0a512e20 WorkerThread "G1 Conc#0"                       [id=23648, stack(0x000000d529800000,0x000000d529900000) (1024K)]
  0x0000029e769941b0 WorkerThread "G1 Conc#1"                       [id=19756, stack(0x000000d52d800000,0x000000d52d900000) (1024K)]
  0x0000029e76cf0280 WorkerThread "G1 Conc#2"                       [id=20960, stack(0x000000d52d900000,0x000000d52da00000) (1024K)]
  0x0000029e291728f0 ConcurrentGCThread "G1 Refine#0"               [id=23144, stack(0x000000d529900000,0x000000d529a00000) (1024K)]
  0x0000029e29174220 ConcurrentGCThread "G1 Service"                [id=9144, stack(0x000000d529a00000,0x000000d529b00000) (1024K)]
Total: 21

Threads with active compile tasks:
C2 CompilerThread1    22670 5089   !   4       javafx.scene.CssStyleHelper::transitionToState (1039 bytes)
C2 CompilerThread2    22670 5088       4       javafx.scene.CssStyleHelper::createStyleHelper (316 bytes)
C2 CompilerThread3    22670 5140   !   4       com.sun.javafx.css.StyleManager::findMatchingStyles (1267 bytes)
Total: 3

VM state: not at safepoint (normal execution)

VM Mutex/Monitor currently owned by a thread: None

Heap address: 0x0000000704400000, size: 4028 MB, Compressed Oops mode: Zero based, Oop shift amount: 3

CDS archive(s) mapped at: [0x0000029e2a000000-0x0000029e2ac90000-0x0000029e2ac90000), size 13172736, SharedBaseAddress: 0x0000029e2a000000, ArchiveRelocationMode: 1.
Compressed class space mapped at: 0x0000029e2b000000-0x0000029e6b000000, reserved size: 1073741824
Narrow klass base: 0x0000029e2a000000, Narrow klass shift: 0, Narrow klass range: 0x100000000

GC Precious Log:
 CardTable entry size: 512
 Card Set container configuration: InlinePtr #cards 4 size 8 Array Of Cards #cards 16 size 48 Howl #buckets 8 coarsen threshold 3686 Howl Bitmap #cards 512 size 80 coarsen threshold 460 Card regions per heap region 1 cards per card region 4096
 CPUs: 16 total, 16 available
 Memory: 16107M
 Large Page Support: Disabled
 NUMA Support: Disabled
 Compressed Oops: Enabled (Zero based)
 Heap Region Size: 2M
 Heap Min Capacity: 8M
 Heap Initial Capacity: 252M
 Heap Max Capacity: 4028M
 Pre-touch: Disabled
 Parallel Workers: 13
 Concurrent Workers: 3
 Concurrent Refinement Workers: 13
 Periodic GC: Disabled

Heap:
 garbage-first heap   total 75776K, used 46464K [0x0000000704400000, 0x0000000800000000)
  region size 2048K, 23 young (47104K), 7 survivors (14336K)
 Metaspace       used 28322K, committed 28736K, reserved 1114112K
  class space    used 3816K, committed 4032K, reserved 1048576K

Heap Regions: E=young(eden), S=young(survivor), O=old, HS=humongous(starts), HC=humongous(continues), CS=collection set, F=free, TAMS=top-at-mark-start, PB=parsable bottom
|   0|0x0000000704400000, 0x00000007044cd6b0, 0x0000000704600000| 40%| O|Cm|TAMS 0x0000000704400000| PB 0x0000000704400000| Complete 
|   1|0x0000000704600000, 0x0000000704800000, 0x0000000704800000|100%|HS|  |TAMS 0x0000000704600000| PB 0x0000000704600000| Complete 
|   2|0x0000000704800000, 0x0000000704800000, 0x0000000704a00000|  0%| F|  |TAMS 0x0000000704800000| PB 0x0000000704800000| Untracked 
|   3|0x0000000704a00000, 0x0000000704a00000, 0x0000000704c00000|  0%| F|  |TAMS 0x0000000704a00000| PB 0x0000000704a00000| Untracked 
|   4|0x0000000704c00000, 0x0000000704c00000, 0x0000000704e00000|  0%| F|  |TAMS 0x0000000704c00000| PB 0x0000000704c00000| Untracked 
|   5|0x0000000704e00000, 0x0000000704e00000, 0x0000000705000000|  0%| F|  |TAMS 0x0000000704e00000| PB 0x0000000704e00000| Untracked 
|   6|0x0000000705000000, 0x0000000705000000, 0x0000000705200000|  0%| F|  |TAMS 0x0000000705000000| PB 0x0000000705000000| Untracked 
|   7|0x0000000705200000, 0x0000000705200000, 0x0000000705400000|  0%| F|  |TAMS 0x0000000705200000| PB 0x0000000705200000| Untracked 
|   8|0x0000000705400000, 0x0000000705400000, 0x0000000705600000|  0%| F|  |TAMS 0x0000000705400000| PB 0x0000000705400000| Untracked 
|   9|0x0000000705600000, 0x0000000705600000, 0x0000000705800000|  0%| F|  |TAMS 0x0000000705600000| PB 0x0000000705600000| Untracked 
|  10|0x0000000705800000, 0x0000000705800000, 0x0000000705a00000|  0%| F|  |TAMS 0x0000000705800000| PB 0x0000000705800000| Untracked 
|  11|0x0000000705a00000, 0x0000000705a00000, 0x0000000705c00000|  0%| F|  |TAMS 0x0000000705a00000| PB 0x0000000705a00000| Untracked 
|  12|0x0000000705c00000, 0x0000000705c00000, 0x0000000705e00000|  0%| F|  |TAMS 0x0000000705c00000| PB 0x0000000705c00000| Untracked 
|  13|0x0000000705e00000, 0x0000000705e00000, 0x0000000706000000|  0%| F|  |TAMS 0x0000000705e00000| PB 0x0000000705e00000| Untracked 
|  14|0x0000000706000000, 0x000000070613a880, 0x0000000706200000| 61%| E|  |TAMS 0x0000000706000000| PB 0x0000000706000000| Complete 
|  15|0x0000000706200000, 0x0000000706400000, 0x0000000706400000|100%| E|CS|TAMS 0x0000000706200000| PB 0x0000000706200000| Complete 
|  16|0x0000000706400000, 0x0000000706600000, 0x0000000706600000|100%| E|CS|TAMS 0x0000000706400000| PB 0x0000000706400000| Complete 
|  17|0x0000000706600000, 0x0000000706800000, 0x0000000706800000|100%| E|CS|TAMS 0x0000000706600000| PB 0x0000000706600000| Complete 
|  18|0x0000000706800000, 0x0000000706a00000, 0x0000000706a00000|100%| E|CS|TAMS 0x0000000706800000| PB 0x0000000706800000| Complete 
|  19|0x0000000706a00000, 0x0000000706c00000, 0x0000000706c00000|100%| E|CS|TAMS 0x0000000706a00000| PB 0x0000000706a00000| Complete 
|  20|0x0000000706c00000, 0x0000000706e00000, 0x0000000706e00000|100%| E|CS|TAMS 0x0000000706c00000| PB 0x0000000706c00000| Complete 
|  21|0x0000000706e00000, 0x0000000707000000, 0x0000000707000000|100%| E|CS|TAMS 0x0000000706e00000| PB 0x0000000706e00000| Complete 
|  22|0x0000000707000000, 0x0000000707200000, 0x0000000707200000|100%| E|CS|TAMS 0x0000000707000000| PB 0x0000000707000000| Complete 
|  23|0x0000000707200000, 0x0000000707400000, 0x0000000707400000|100%| E|CS|TAMS 0x0000000707200000| PB 0x0000000707200000| Complete 
|  24|0x0000000707400000, 0x0000000707600000, 0x0000000707600000|100%| E|CS|TAMS 0x0000000707400000| PB 0x0000000707400000| Complete 
|  25|0x0000000707600000, 0x0000000707800000, 0x0000000707800000|100%| E|CS|TAMS 0x0000000707600000| PB 0x0000000707600000| Complete 
|  26|0x0000000707800000, 0x0000000707a00000, 0x0000000707a00000|100%| E|CS|TAMS 0x0000000707800000| PB 0x0000000707800000| Complete 
|  27|0x0000000707a00000, 0x0000000707c00000, 0x0000000707c00000|100%| E|CS|TAMS 0x0000000707a00000| PB 0x0000000707a00000| Complete 
|  95|0x0000000710200000, 0x0000000710292968, 0x0000000710400000| 28%| S|CS|TAMS 0x0000000710200000| PB 0x0000000710200000| Complete 
|  96|0x0000000710400000, 0x0000000710600000, 0x0000000710600000|100%| S|CS|TAMS 0x0000000710400000| PB 0x0000000710400000| Complete 
|  97|0x0000000710600000, 0x0000000710800000, 0x0000000710800000|100%| S|CS|TAMS 0x0000000710600000| PB 0x0000000710600000| Complete 
|  98|0x0000000710800000, 0x0000000710a00000, 0x0000000710a00000|100%| S|CS|TAMS 0x0000000710800000| PB 0x0000000710800000| Complete 
| 102|0x0000000711000000, 0x0000000711200000, 0x0000000711200000|100%| S|CS|TAMS 0x0000000711000000| PB 0x0000000711000000| Complete 
| 103|0x0000000711200000, 0x0000000711400000, 0x0000000711400000|100%| S|CS|TAMS 0x0000000711200000| PB 0x0000000711200000| Complete 
| 104|0x0000000711400000, 0x0000000711600000, 0x0000000711600000|100%| S|CS|TAMS 0x0000000711400000| PB 0x0000000711400000| Complete 
| 124|0x0000000713c00000, 0x0000000713e00000, 0x0000000713e00000|100%| E|CS|TAMS 0x0000000713c00000| PB 0x0000000713c00000| Complete 
| 125|0x0000000713e00000, 0x0000000714000000, 0x0000000714000000|100%| E|CS|TAMS 0x0000000713e00000| PB 0x0000000713e00000| Complete 

Card table byte_map: [0x0000029e22910000,0x0000029e230f0000] _byte_map_base: 0x0000029e1f0ee000

Marking Bits: (CMBitMap*) 0x0000029e0a4c3990
 Bits: [0x0000029e230f0000, 0x0000029e26fe0000)

Polling page: 0x0000029e08630000

Metaspace:

Usage:
  Non-class:     23.93 MB used.
      Class:      3.73 MB used.
       Both:     27.66 MB used.

Virtual space:
  Non-class space:       64.00 MB reserved,      24.12 MB ( 38%) committed,  1 nodes.
      Class space:        1.00 GB reserved,       3.94 MB ( <1%) committed,  1 nodes.
             Both:        1.06 GB reserved,      28.06 MB (  3%) committed. 

Chunk freelists:
   Non-Class:  7.64 MB
       Class:  12.11 MB
        Both:  19.75 MB

MaxMetaspaceSize: unlimited
CompressedClassSpaceSize: 1.00 GB
Initial GC threshold: 21.00 MB
Current GC threshold: 35.12 MB
CDS: on
 - commit_granule_bytes: 65536.
 - commit_granule_words: 8192.
 - virtual_space_node_default_size: 8388608.
 - enlarge_chunks_in_place: 1.
 - use_allocation_guard: 0.


Internal statistics:

num_allocs_failed_limit: 3.
num_arena_births: 418.
num_arena_deaths: 0.
num_vsnodes_births: 2.
num_vsnodes_deaths: 0.
num_space_committed: 449.
num_space_uncommitted: 0.
num_chunks_returned_to_freelist: 3.
num_chunks_taken_from_freelist: 1239.
num_chunk_merges: 3.
num_chunk_splits: 860.
num_chunks_enlarged: 633.
num_inconsistent_stats: 0.

CodeHeap 'non-profiled nmethods': size=119168Kb used=2259Kb max_used=2259Kb free=116908Kb
 bounds [0x0000029e1a450000, 0x0000029e1a6c0000, 0x0000029e218b0000]
CodeHeap 'profiled nmethods': size=119104Kb used=11530Kb max_used=11530Kb free=107574Kb
 bounds [0x0000029e128b0000, 0x0000029e13400000, 0x0000029e19d00000]
CodeHeap 'non-nmethods': size=7488Kb used=3616Kb max_used=3667Kb free=3871Kb
 bounds [0x0000029e19d00000, 0x0000029e1a110000, 0x0000029e1a450000]
 total_blobs=6144 nmethods=5231 adapters=813
 compilation: enabled
              stopped_count=0, restarted_count=0
 full_count=0

Compilation events (20 events):
Event: 22.417 Thread 0x0000029e6f118c60 5229       3       com.sun.javafx.geom.transform.AffineBase::scale (284 bytes)
Event: 22.417 Thread 0x0000029e6f198600 nmethod 5210 0x0000029e133c6390 code [0x0000029e133c6a60, 0x0000029e133caeb8]
Event: 22.418 Thread 0x0000029e6f118c60 nmethod 5229 0x0000029e133cc410 code [0x0000029e133cc660, 0x0000029e133ccee0]
Event: 22.418 Thread 0x0000029e6f118c60 5230       3       com.sun.marlin.Renderer::curveTo (84 bytes)
Event: 22.418 Thread 0x0000029e6f198600 5231       3       com.sun.marlin.Curve::set (153 bytes)
Event: 22.419 Thread 0x0000029e6f198600 nmethod 5231 0x0000029e133cd010 code [0x0000029e133cd220, 0x0000029e133cd3d0]
Event: 22.419 Thread 0x0000029e6f198600 5232       3       com.sun.marlin.Renderer::curveBreakIntoLinesAndAdd (485 bytes)
Event: 22.419 Thread 0x0000029e6f118c60 nmethod 5230 0x0000029e133cd490 code [0x0000029e133cd720, 0x0000029e133cdbd8]
Event: 22.420 Thread 0x0000029e6f118090 nmethod 5224 0x0000029e1a683690 code [0x0000029e1a683900, 0x0000029e1a683e28]
Event: 22.420 Thread 0x0000029e6f118090 5226       4       com.sun.prism.impl.BaseGraphics::validateTransformAndPaint (71 bytes)
Event: 22.420 Thread 0x0000029e6f198600 nmethod 5232 0x0000029e133cdf90 code [0x0000029e133ce320, 0x0000029e133ceab8]
Event: 22.420 Thread 0x0000029e6f198cd0 nmethod 5228 0x0000029e133cee90 code [0x0000029e133cf2e0, 0x0000029e133d0b20]
Event: 22.422 Thread 0x0000029e6f118090 nmethod 5226 0x0000029e1a684090 code [0x0000029e1a684240, 0x0000029e1a684420]
Event: 22.422 Thread 0x0000029e6f118090 5227       4       com.sun.prism.impl.VertexBuffer::flush (32 bytes)
Event: 22.427 Thread 0x0000029e6f118090 nmethod 5227 0x0000029e1a684610 code [0x0000029e1a684800, 0x0000029e1a684b70]
Event: 22.437 Thread 0x0000029e6f196ac0 nmethod 5184 0x0000029e133d1810 code [0x0000029e133d34c0, 0x0000029e133e9928]
Event: 22.458 Thread 0x0000029e6f196ac0 5233       3       javafx.scene.layout.HBox::shouldFillHeight (26 bytes)
Event: 22.458 Thread 0x0000029e6f118c60 5234       3       javafx.scene.layout.HBox::isFillHeight (19 bytes)
Event: 22.459 Thread 0x0000029e6f118c60 nmethod 5234 0x0000029e133f1590 code [0x0000029e133f1760, 0x0000029e133f1ae0]
Event: 22.459 Thread 0x0000029e6f196ac0 nmethod 5233 0x0000029e133f1c10 code [0x0000029e133f1e20, 0x0000029e133f25f8]

GC Heap History (6 events):
Event: 0.861 GC heap before
{Heap before GC invocations=0 (full 0):
 garbage-first heap   total 258048K, used 22528K [0x0000000704400000, 0x0000000800000000)
  region size 2048K, 11 young (22528K), 0 survivors (0K)
 Metaspace       used 4651K, committed 4864K, reserved 1114112K
  class space    used 487K, committed 576K, reserved 1048576K
}
Event: 0.865 GC heap after
{Heap after GC invocations=1 (full 0):
 garbage-first heap   total 258048K, used 2879K [0x0000000704400000, 0x0000000800000000)
  region size 2048K, 2 young (4096K), 2 survivors (4096K)
 Metaspace       used 4651K, committed 4864K, reserved 1114112K
  class space    used 487K, committed 576K, reserved 1048576K
}
Event: 1.822 GC heap before
{Heap before GC invocations=1 (full 0):
 garbage-first heap   total 258048K, used 45887K [0x0000000704400000, 0x0000000800000000)
  region size 2048K, 24 young (49152K), 2 survivors (4096K)
 Metaspace       used 14469K, committed 14848K, reserved 1114112K
  class space    used 2232K, committed 2432K, reserved 1048576K
}
Event: 1.829 GC heap after
{Heap after GC invocations=2 (full 0):
 garbage-first heap   total 258048K, used 6965K [0x0000000704400000, 0x0000000800000000)
  region size 2048K, 3 young (6144K), 3 survivors (6144K)
 Metaspace       used 14469K, committed 14848K, reserved 1114112K
  class space    used 2232K, committed 2432K, reserved 1048576K
}
Event: 12.872 GC heap before
{Heap before GC invocations=2 (full 0):
 garbage-first heap   total 258048K, used 49973K [0x0000000704400000, 0x0000000800000000)
  region size 2048K, 24 young (49152K), 3 survivors (6144K)
 Metaspace       used 21133K, committed 21504K, reserved 1114112K
  class space    used 3048K, committed 3200K, reserved 1048576K
}
Event: 12.884 GC heap after
{Heap after GC invocations=3 (full 0):
 garbage-first heap   total 258048K, used 15744K [0x0000000704400000, 0x0000000800000000)
  region size 2048K, 7 young (14336K), 7 survivors (14336K)
 Metaspace       used 21133K, committed 21504K, reserved 1114112K
  class space    used 3048K, committed 3200K, reserved 1048576K
}

Dll operation events (20 events):
Event: 0.448 Loaded shared library C:\Users\ducp4\.openjfx\cache\21+31\amd64\api-ms-win-crt-math-l1-1-0.dll
Event: 0.452 Loaded shared library C:\Users\ducp4\.openjfx\cache\21+31\amd64\api-ms-win-crt-multibyte-l1-1-0.dll
Event: 0.457 Loaded shared library C:\Users\ducp4\.openjfx\cache\21+31\amd64\api-ms-win-crt-private-l1-1-0.dll
Event: 0.460 Loaded shared library C:\Users\ducp4\.openjfx\cache\21+31\amd64\api-ms-win-crt-process-l1-1-0.dll
Event: 0.463 Loaded shared library C:\Users\ducp4\.openjfx\cache\21+31\amd64\api-ms-win-crt-runtime-l1-1-0.dll
Event: 0.467 Loaded shared library C:\Users\ducp4\.openjfx\cache\21+31\amd64\api-ms-win-crt-stdio-l1-1-0.dll
Event: 0.470 Loaded shared library C:\Users\ducp4\.openjfx\cache\21+31\amd64\api-ms-win-crt-string-l1-1-0.dll
Event: 0.473 Loaded shared library C:\Users\ducp4\.openjfx\cache\21+31\amd64\api-ms-win-crt-time-l1-1-0.dll
Event: 0.476 Loaded shared library C:\Users\ducp4\.openjfx\cache\21+31\amd64\api-ms-win-crt-utility-l1-1-0.dll
Event: 0.495 Loaded shared library C:\Users\ducp4\.openjfx\cache\21+31\amd64\ucrtbase.dll
Event: 0.500 Loaded shared library C:\Users\ducp4\.openjfx\cache\21+31\amd64\vcruntime140.dll
Event: 0.504 Loaded shared library C:\Users\ducp4\.openjfx\cache\21+31\amd64\vcruntime140_1.dll
Event: 0.516 Loaded shared library C:\Users\ducp4\.openjfx\cache\21+31\amd64\msvcp140.dll
Event: 0.520 Loaded shared library C:\Users\ducp4\.openjfx\cache\21+31\amd64\msvcp140_1.dll
Event: 0.527 Loaded shared library C:\Users\ducp4\.openjfx\cache\21+31\amd64\msvcp140_2.dll
Event: 0.596 Loaded shared library C:\Users\ducp4\.openjfx\cache\21+31\amd64\prism_d3d.dll
Event: 0.703 Loaded shared library C:\Users\ducp4\.openjfx\cache\21+31\amd64\glass.dll
Event: 0.892 Loaded shared library C:\Program Files\Java\jdk-21\bin\jimage.dll
Event: 1.106 Loaded shared library C:\Users\ducp4\.openjfx\cache\21+31\amd64\javafx_font.dll
Event: 13.215 Loaded shared library C:\Program Files\Java\jdk-21\bin\sunmscapi.dll

Deoptimization events (20 events):
Event: 22.348 Thread 0x0000029e701189b0 Uncommon trap: trap_request=0xffffffd6 fr.pc=0x0000029e1a666594 relative=0x0000000000005dd4
Event: 22.348 Thread 0x0000029e701189b0 Uncommon trap: reason=array_check action=maybe_recompile pc=0x0000029e1a666594 method=com.sun.javafx.css.StyleCacheEntry$Key.<init>([Ljava/util/Set;Ljavafx/scene/text/Font;)V @ 39 c2
Event: 22.348 Thread 0x0000029e701189b0 DEOPT PACKING pc=0x0000029e1a666594 sp=0x000000d52aafd6a0
Event: 22.348 Thread 0x0000029e701189b0 DEOPT UNPACKING pc=0x0000029e19d546a2 sp=0x000000d52aafd590 mode 2
Event: 22.348 Thread 0x0000029e701189b0 Uncommon trap: trap_request=0xffffffbe fr.pc=0x0000029e1a6552bc relative=0x000000000000475c
Event: 22.348 Thread 0x0000029e701189b0 Uncommon trap: reason=profile_predicate action=maybe_recompile pc=0x0000029e1a6552bc method=javafx.scene.CssStyleHelper$CacheContainer.<init>(Ljavafx/scene/Node;Lcom/sun/javafx/css/StyleMap;I)V @ 164 c2
Event: 22.348 Thread 0x0000029e701189b0 DEOPT PACKING pc=0x0000029e1a6552bc sp=0x000000d52aafcb60
Event: 22.348 Thread 0x0000029e701189b0 DEOPT UNPACKING pc=0x0000029e19d546a2 sp=0x000000d52aafca70 mode 2
Event: 22.348 Thread 0x0000029e701189b0 Uncommon trap: trap_request=0xffffffd6 fr.pc=0x0000029e1a666594 relative=0x0000000000005dd4
Event: 22.348 Thread 0x0000029e701189b0 Uncommon trap: reason=array_check action=maybe_recompile pc=0x0000029e1a666594 method=com.sun.javafx.css.StyleCacheEntry$Key.<init>([Ljava/util/Set;Ljavafx/scene/text/Font;)V @ 39 c2
Event: 22.348 Thread 0x0000029e701189b0 DEOPT PACKING pc=0x0000029e1a666594 sp=0x000000d52aafd6a0
Event: 22.348 Thread 0x0000029e701189b0 DEOPT UNPACKING pc=0x0000029e19d546a2 sp=0x000000d52aafd590 mode 2
Event: 22.349 Thread 0x0000029e701189b0 Uncommon trap: trap_request=0xffffffbe fr.pc=0x0000029e1a6552bc relative=0x000000000000475c
Event: 22.349 Thread 0x0000029e701189b0 Uncommon trap: reason=profile_predicate action=maybe_recompile pc=0x0000029e1a6552bc method=javafx.scene.CssStyleHelper$CacheContainer.<init>(Ljavafx/scene/Node;Lcom/sun/javafx/css/StyleMap;I)V @ 164 c2
Event: 22.349 Thread 0x0000029e701189b0 DEOPT PACKING pc=0x0000029e1a6552bc sp=0x000000d52aafcb60
Event: 22.349 Thread 0x0000029e701189b0 DEOPT UNPACKING pc=0x0000029e19d546a2 sp=0x000000d52aafca70 mode 2
Event: 22.350 Thread 0x0000029e701189b0 Uncommon trap: trap_request=0xffffffbe fr.pc=0x0000029e1a6552bc relative=0x000000000000475c
Event: 22.350 Thread 0x0000029e701189b0 Uncommon trap: reason=profile_predicate action=maybe_recompile pc=0x0000029e1a6552bc method=javafx.scene.CssStyleHelper$CacheContainer.<init>(Ljavafx/scene/Node;Lcom/sun/javafx/css/StyleMap;I)V @ 164 c2
Event: 22.350 Thread 0x0000029e701189b0 DEOPT PACKING pc=0x0000029e1a6552bc sp=0x000000d52aafcb60
Event: 22.350 Thread 0x0000029e701189b0 DEOPT UNPACKING pc=0x0000029e19d546a2 sp=0x000000d52aafca70 mode 2

Classes loaded (20 events):
Event: 13.569 Loading class java/time/format/DateTimeParseException
Event: 13.570 Loading class java/time/DateTimeException
Event: 13.570 Loading class java/time/DateTimeException done
Event: 13.570 Loading class java/time/format/DateTimeParseException done
Event: 13.573 Loading class java/util/stream/MatchOps$MatchKind
Event: 13.573 Loading class java/util/stream/MatchOps$MatchKind done
Event: 13.573 Loading class java/util/stream/MatchOps
Event: 13.573 Loading class java/util/stream/MatchOps done
Event: 13.573 Loading class java/util/stream/MatchOps$MatchOp
Event: 13.573 Loading class java/util/stream/MatchOps$MatchOp done
Event: 13.573 Loading class java/util/stream/MatchOps$BooleanTerminalSink
Event: 13.574 Loading class java/util/stream/MatchOps$BooleanTerminalSink done
Event: 13.574 Loading class java/util/stream/MatchOps$1MatchSink
Event: 13.574 Loading class java/util/stream/MatchOps$1MatchSink done
Event: 13.575 Loading class sun/security/ssl/Alert
Event: 13.576 Loading class sun/security/ssl/Alert done
Event: 13.576 Loading class sun/security/ssl/Alert$AlertConsumer
Event: 13.576 Loading class sun/security/ssl/Alert$AlertConsumer done
Event: 13.576 Loading class sun/security/ssl/Alert$Level
Event: 13.576 Loading class sun/security/ssl/Alert$Level done

Classes unloaded (0 events):
No events

Classes redefined (0 events):
No events

Internal exceptions (20 events):
Event: 2.475 Thread 0x0000029e70070800 Exception <a 'java/lang/NoSuchMethodError'{0x000000071294c178}: 'java.lang.Object java.lang.invoke.DirectMethodHandle$Holder.invokeStaticInit(java.lang.Object, int)'> (0x000000071294c178) 
thrown [s\open\src\hotspot\share\interpreter\linkResolver.cpp, line 773]
Event: 10.069 Thread 0x0000029e701189b0 Implicit null exception at 0x0000029e1a52adf4 to 0x0000029e1a52b538
Event: 12.752 Thread 0x0000029e76212bb0 Exception <a 'sun/nio/fs/WindowsException'{0x0000000711afa190}> (0x0000000711afa190) 
thrown [s\open\src\hotspot\share\prims\jni.cpp, line 520]
Event: 12.771 Thread 0x0000029e76212bb0 Exception <a 'sun/nio/fs/WindowsException'{0x0000000711bee700}> (0x0000000711bee700) 
thrown [s\open\src\hotspot\share\prims\jni.cpp, line 520]
Event: 12.773 Thread 0x0000029e76212bb0 Exception <a 'sun/nio/fs/WindowsException'{0x0000000711befc48}> (0x0000000711befc48) 
thrown [s\open\src\hotspot\share\prims\jni.cpp, line 520]
Event: 12.783 Thread 0x0000029e76212bb0 Exception <a 'sun/nio/fs/WindowsException'{0x0000000711859ab0}> (0x0000000711859ab0) 
thrown [s\open\src\hotspot\share\prims\jni.cpp, line 520]
Event: 12.784 Thread 0x0000029e76212bb0 Exception <a 'sun/nio/fs/WindowsException'{0x000000071185b380}> (0x000000071185b380) 
thrown [s\open\src\hotspot\share\prims\jni.cpp, line 520]
Event: 12.791 Thread 0x0000029e76212bb0 Exception <a 'java/lang/NoSuchMethodError'{0x000000071186f0a8}: 'java.lang.Object java.lang.invoke.DirectMethodHandle$Holder.invokeVirtual(java.lang.Object, java.lang.Object, java.lang.Object)'> (0x000000071186f0a8) 
thrown [s\open\src\hotspot\share\interpreter\linkResolver.cpp, line 773]
Event: 12.891 Thread 0x0000029e76212bb0 Exception <a 'sun/nio/fs/WindowsException'{0x0000000713e58970}> (0x0000000713e58970) 
thrown [s\open\src\hotspot\share\prims\jni.cpp, line 520]
Event: 12.984 Thread 0x0000029e76212bb0 Exception <a 'sun/nio/fs/WindowsException'{0x0000000707a3af40}> (0x0000000707a3af40) 
thrown [s\open\src\hotspot\share\prims\jni.cpp, line 520]
Event: 13.061 Thread 0x0000029e76212bb0 Exception <a 'sun/nio/fs/WindowsException'{0x0000000707b82da0}> (0x0000000707b82da0) 
thrown [s\open\src\hotspot\share\prims\jni.cpp, line 520]
Event: 13.070 Thread 0x0000029e76212bb0 Exception <a 'sun/nio/fs/WindowsException'{0x0000000707b93818}> (0x0000000707b93818) 
thrown [s\open\src\hotspot\share\prims\jni.cpp, line 520]
Event: 13.149 Thread 0x0000029e76212bb0 Exception <a 'java/lang/NoSuchMethodError'{0x000000070782f068}: 'java.lang.Object java.lang.invoke.DirectMethodHandle$Holder.invokeStaticInit(java.lang.Object, int, int, int, int)'> (0x000000070782f068) 
thrown [s\open\src\hotspot\share\interpreter\linkResolver.cpp, line 773]
Event: 13.166 Thread 0x0000029e76212bb0 Exception <a 'java/lang/NoSuchMethodError'{0x0000000707861e68}: 'java.lang.Object java.lang.invoke.DirectMethodHandle$Holder.invokeStaticInit(java.lang.Object, java.lang.Object, int, int, int, int)'> (0x0000000707861e68) 
thrown [s\open\src\hotspot\share\interpreter\linkResolver.cpp, line 773]
Event: 13.500 Thread 0x0000029e76212bb0 Exception <a 'java/lang/NoSuchMethodError'{0x0000000707308918}: 'void java.lang.invoke.DirectMethodHandle$Holder.invokeInterface(java.lang.Object, java.lang.Object, java.lang.Object, java.lang.Object)'> (0x0000000707308918) 
thrown [s\open\src\hotspot\share\interpreter\linkResolver.cpp, line 773]
Event: 13.577 Thread 0x0000029e76212bb0 Exception <a 'java/io/IOException'{0x00000007071323e0}> (0x00000007071323e0) 
thrown [s\open\src\hotspot\share\prims\jni.cpp, line 520]
Event: 13.578 Thread 0x0000029e76212bb0 Exception <a 'java/lang/NoSuchMethodError'{0x0000000707133f80}: 'void java.lang.invoke.DirectMethodHandle$Holder.invokeInterface(java.lang.Object, java.lang.Object)'> (0x0000000707133f80) 
thrown [s\open\src\hotspot\share\interpreter\linkResolver.cpp, line 773]
Event: 20.351 Thread 0x0000029e701189b0 Implicit null exception at 0x0000029e1a6428a6 to 0x0000029e1a642c64
Event: 20.351 Thread 0x0000029e701189b0 Implicit null exception at 0x0000029e1a5d9346 to 0x0000029e1a5d93a0
Event: 22.339 Thread 0x0000029e700e58c0 Exception <a 'java/io/IOException'{0x00000007065e9008}> (0x00000007065e9008) 
thrown [s\open\src\hotspot\share\prims\jni.cpp, line 520]

ZGC Phase Switch (0 events):
No events

VM Operations (20 events):
Event: 12.898 Executing VM operation: G1PauseCleanup
Event: 12.898 Executing VM operation: G1PauseCleanup done
Event: 12.952 Executing VM operation: HandshakeAllThreads (Deoptimize)
Event: 12.952 Executing VM operation: HandshakeAllThreads (Deoptimize) done
Event: 13.071 Executing VM operation: HandshakeAllThreads (Deoptimize)
Event: 13.071 Executing VM operation: HandshakeAllThreads (Deoptimize) done
Event: 13.125 Executing VM operation: HandshakeAllThreads (Deoptimize)
Event: 13.125 Executing VM operation: HandshakeAllThreads (Deoptimize) done
Event: 13.398 Executing VM operation: HandshakeAllThreads (Deoptimize)
Event: 13.398 Executing VM operation: HandshakeAllThreads (Deoptimize) done
Event: 13.626 Executing VM operation: ICBufferFull
Event: 13.626 Executing VM operation: ICBufferFull done
Event: 15.627 Executing VM operation: Cleanup
Event: 15.627 Executing VM operation: Cleanup done
Event: 16.628 Executing VM operation: Cleanup
Event: 16.628 Executing VM operation: Cleanup done
Event: 18.629 Executing VM operation: Cleanup
Event: 18.630 Executing VM operation: Cleanup done
Event: 20.630 Executing VM operation: Cleanup
Event: 20.630 Executing VM operation: Cleanup done

Events (20 events):
Event: 14.460 Thread 0x0000029e78c88ae0 Thread exited: 0x0000029e78c88ae0
Event: 14.461 Thread 0x0000029e78c86fa0 Thread exited: 0x0000029e78c86fa0
Event: 15.451 Thread 0x0000029e78c87d40 Thread exited: 0x0000029e78c87d40
Event: 16.298 Thread 0x0000029e78c89f50 Thread added: 0x0000029e78c89f50
Event: 16.316 Thread 0x0000029e78c86fa0 Thread added: 0x0000029e78c86fa0
Event: 16.444 Thread 0x0000029e78c86fa0 Thread exited: 0x0000029e78c86fa0
Event: 16.444 Thread 0x0000029e78c89f50 Thread exited: 0x0000029e78c89f50
Event: 17.173 Thread 0x0000029e78c89880 Thread exited: 0x0000029e78c89880
Event: 17.451 Thread 0x0000029e78c868d0 Thread exited: 0x0000029e78c868d0
Event: 20.322 Thread 0x0000029e700e58c0 Thread added: 0x0000029e700e58c0
Event: 20.350 Thread 0x0000029e6f198600 Thread added: 0x0000029e6f198600
Event: 20.359 Thread 0x0000029e6f197190 Thread added: 0x0000029e6f197190
Event: 21.447 Thread 0x0000029e6f197190 Thread exited: 0x0000029e6f197190
Event: 21.447 Thread 0x0000029e6f198600 Thread exited: 0x0000029e6f198600
Event: 22.310 Thread 0x0000029e6f197860 Thread added: 0x0000029e6f197860
Event: 22.362 Thread 0x0000029e6f1993a0 Thread added: 0x0000029e6f1993a0
Event: 22.377 Thread 0x0000029e6f19a140 Thread added: 0x0000029e6f19a140
Event: 22.393 Thread 0x0000029e6f198600 Thread added: 0x0000029e6f198600
Event: 22.394 Thread 0x0000029e6f198cd0 Thread added: 0x0000029e6f198cd0
Event: 22.394 Thread 0x0000029e6f196ac0 Thread added: 0x0000029e6f196ac0


Dynamic libraries:
0x00007ff609780000 - 0x00007ff609790000 	C:\Program Files\Java\jdk-21\bin\java.exe
0x00007ffa6aac0000 - 0x00007ffa6ad28000 	C:\WINDOWS\SYSTEM32\ntdll.dll
0x00007ffa697b0000 - 0x00007ffa69879000 	C:\WINDOWS\System32\KERNEL32.DLL
0x00007ffa68110000 - 0x00007ffa68508000 	C:\WINDOWS\System32\KERNELBASE.dll
0x00007ffa67c10000 - 0x00007ffa67d5b000 	C:\WINDOWS\System32\ucrtbase.dll
0x00007ffa50510000 - 0x00007ffa50529000 	C:\Program Files\Java\jdk-21\bin\jli.dll
0x00007ffa50600000 - 0x00007ffa5061b000 	C:\Program Files\Java\jdk-21\bin\VCRUNTIME140.dll
0x00007ffa6a530000 - 0x00007ffa6a5e4000 	C:\WINDOWS\System32\ADVAPI32.dll
0x00007ffa69880000 - 0x00007ffa69929000 	C:\WINDOWS\System32\msvcrt.dll
0x00007ffa6a480000 - 0x00007ffa6a526000 	C:\WINDOWS\System32\sechost.dll
0x00007ffa6a330000 - 0x00007ffa6a448000 	C:\WINDOWS\System32\RPCRT4.dll
0x00007ffa69f00000 - 0x00007ffa6a0c7000 	C:\WINDOWS\System32\USER32.dll
0x00007ffa67f90000 - 0x00007ffa67fb7000 	C:\WINDOWS\System32\win32u.dll
0x00007ffa6aa40000 - 0x00007ffa6aa6b000 	C:\WINDOWS\System32\GDI32.dll
0x00007ffa68730000 - 0x00007ffa6885c000 	C:\WINDOWS\System32\gdi32full.dll
0x00007ffa68510000 - 0x00007ffa685b3000 	C:\WINDOWS\System32\msvcp_win.dll
0x00007ffa49c20000 - 0x00007ffa49eb4000 	C:\WINDOWS\WinSxS\amd64_microsoft.windows.common-controls_6595b64144ccf1df_6.0.26100.7019_none_3e06ffa0e335b8a8\COMCTL32.dll
0x00007ffa5e930000 - 0x00007ffa5e93b000 	C:\WINDOWS\SYSTEM32\VERSION.dll
0x00007ffa68860000 - 0x00007ffa68891000 	C:\WINDOWS\System32\IMM32.DLL
0x00007ffa505a0000 - 0x00007ffa505ac000 	C:\Program Files\Java\jdk-21\bin\vcruntime140_1.dll
0x00007ffa4c510000 - 0x00007ffa4c59e000 	C:\Program Files\Java\jdk-21\bin\msvcp140.dll
0x00007ff9cbe90000 - 0x00007ff9ccba5000 	C:\Program Files\Java\jdk-21\bin\server\jvm.dll
0x00007ffa69e80000 - 0x00007ffa69ef4000 	C:\WINDOWS\System32\WS2_32.dll
0x00007ffa67a70000 - 0x00007ffa67ace000 	C:\WINDOWS\SYSTEM32\POWRPROF.dll
0x00007ffa5f290000 - 0x00007ffa5f2c5000 	C:\WINDOWS\SYSTEM32\WINMM.dll
0x00007ffa67a50000 - 0x00007ffa67a64000 	C:\WINDOWS\SYSTEM32\UMPDC.dll
0x00007ffa669d0000 - 0x00007ffa669eb000 	C:\WINDOWS\SYSTEM32\kernel.appcore.dll
0x00007ffa4c8c0000 - 0x00007ffa4c8ca000 	C:\Program Files\Java\jdk-21\bin\jimage.dll
0x00007ffa64890000 - 0x00007ffa64ad2000 	C:\WINDOWS\SYSTEM32\DBGHELP.DLL
0x00007ffa6a620000 - 0x00007ffa6a9ab000 	C:\WINDOWS\System32\combase.dll
0x00007ffa6a0d0000 - 0x00007ffa6a1a7000 	C:\WINDOWS\System32\OLEAUT32.dll
0x00007ffa42730000 - 0x00007ffa4276c000 	C:\WINDOWS\SYSTEM32\dbgcore.DLL
0x00007ffa67ee0000 - 0x00007ffa67f85000 	C:\WINDOWS\System32\bcryptPrimitives.dll
0x00007ffa646d0000 - 0x00007ffa646df000 	C:\Program Files\Java\jdk-21\bin\instrument.dll
0x00007ffa4c4f0000 - 0x00007ffa4c50f000 	C:\Program Files\Java\jdk-21\bin\java.dll
0x00007ffa69050000 - 0x00007ffa6979f000 	C:\WINDOWS\System32\SHELL32.dll
0x00007ffa685c0000 - 0x00007ffa6872b000 	C:\WINDOWS\System32\wintypes.dll
0x00007ffa65850000 - 0x00007ffa660ad000 	C:\WINDOWS\SYSTEM32\windows.storage.dll
0x00007ffa6a220000 - 0x00007ffa6a312000 	C:\WINDOWS\System32\SHCORE.dll
0x00007ffa69e10000 - 0x00007ffa69e77000 	C:\WINDOWS\System32\shlwapi.dll
0x00007ffa67b30000 - 0x00007ffa67b59000 	C:\WINDOWS\SYSTEM32\profapi.dll
0x00007ffa4c280000 - 0x00007ffa4c357000 	C:\Program Files\Java\jdk-21\bin\jsvml.dll
0x00007ffa4c270000 - 0x00007ffa4c280000 	C:\Program Files\Java\jdk-21\bin\net.dll
0x00007ffa61460000 - 0x00007ffa61588000 	C:\WINDOWS\SYSTEM32\WINHTTP.dll
0x00007ffa66f40000 - 0x00007ffa66fab000 	C:\WINDOWS\system32\mswsock.dll
0x00007ffa4c200000 - 0x00007ffa4c216000 	C:\Program Files\Java\jdk-21\bin\nio.dll
0x00007ffa4c1e0000 - 0x00007ffa4c1f8000 	C:\Program Files\Java\jdk-21\bin\zip.dll
0x0000029e29fd0000 - 0x0000029e29fd3000 	C:\Users\ducp4\.openjfx\cache\21+31\amd64\api-ms-win-core-console-l1-1-0.dll
0x0000029e29fe0000 - 0x0000029e29fe3000 	C:\Users\ducp4\.openjfx\cache\21+31\amd64\api-ms-win-core-console-l1-2-0.dll
0x0000029e29ff0000 - 0x0000029e29ff3000 	C:\Users\ducp4\.openjfx\cache\21+31\amd64\api-ms-win-core-datetime-l1-1-0.dll
0x0000029e70de0000 - 0x0000029e70de3000 	C:\Users\ducp4\.openjfx\cache\21+31\amd64\api-ms-win-core-debug-l1-1-0.dll
0x0000029e70df0000 - 0x0000029e70df3000 	C:\Users\ducp4\.openjfx\cache\21+31\amd64\api-ms-win-core-errorhandling-l1-1-0.dll
0x0000029e70e00000 - 0x0000029e70e04000 	C:\Users\ducp4\.openjfx\cache\21+31\amd64\api-ms-win-core-file-l1-1-0.dll
0x0000029e70e10000 - 0x0000029e70e13000 	C:\Users\ducp4\.openjfx\cache\21+31\amd64\api-ms-win-core-file-l1-2-0.dll
0x0000029e70e20000 - 0x0000029e70e23000 	C:\Users\ducp4\.openjfx\cache\21+31\amd64\api-ms-win-core-file-l2-1-0.dll
0x0000029e70e30000 - 0x0000029e70e33000 	C:\Users\ducp4\.openjfx\cache\21+31\amd64\api-ms-win-core-handle-l1-1-0.dll
0x0000029e70e40000 - 0x0000029e70e43000 	C:\Users\ducp4\.openjfx\cache\21+31\amd64\api-ms-win-core-heap-l1-1-0.dll
0x0000029e70e50000 - 0x0000029e70e53000 	C:\Users\ducp4\.openjfx\cache\21+31\amd64\api-ms-win-core-interlocked-l1-1-0.dll
0x0000029e70e60000 - 0x0000029e70e63000 	C:\Users\ducp4\.openjfx\cache\21+31\amd64\api-ms-win-core-libraryloader-l1-1-0.dll
0x0000029e70e70000 - 0x0000029e70e73000 	C:\Users\ducp4\.openjfx\cache\21+31\amd64\api-ms-win-core-localization-l1-2-0.dll
0x0000029e70e80000 - 0x0000029e70e83000 	C:\Users\ducp4\.openjfx\cache\21+31\amd64\api-ms-win-core-memory-l1-1-0.dll
0x0000029e70e90000 - 0x0000029e70e93000 	C:\Users\ducp4\.openjfx\cache\21+31\amd64\api-ms-win-core-namedpipe-l1-1-0.dll
0x0000029e70ea0000 - 0x0000029e70ea3000 	C:\Users\ducp4\.openjfx\cache\21+31\amd64\api-ms-win-core-processenvironment-l1-1-0.dll
0x0000029e70eb0000 - 0x0000029e70eb3000 	C:\Users\ducp4\.openjfx\cache\21+31\amd64\api-ms-win-core-processthreads-l1-1-0.dll
0x0000029e70ec0000 - 0x0000029e70ec3000 	C:\Users\ducp4\.openjfx\cache\21+31\amd64\api-ms-win-core-processthreads-l1-1-1.dll
0x0000029e70ed0000 - 0x0000029e70ed3000 	C:\Users\ducp4\.openjfx\cache\21+31\amd64\api-ms-win-core-profile-l1-1-0.dll
0x0000029e70ee0000 - 0x0000029e70ee3000 	C:\Users\ducp4\.openjfx\cache\21+31\amd64\api-ms-win-core-rtlsupport-l1-1-0.dll
0x0000029e70ef0000 - 0x0000029e70ef3000 	C:\Users\ducp4\.openjfx\cache\21+31\amd64\api-ms-win-core-string-l1-1-0.dll
0x0000029e70f00000 - 0x0000029e70f03000 	C:\Users\ducp4\.openjfx\cache\21+31\amd64\api-ms-win-core-synch-l1-1-0.dll
0x0000029e70f10000 - 0x0000029e70f13000 	C:\Users\ducp4\.openjfx\cache\21+31\amd64\api-ms-win-core-synch-l1-2-0.dll
0x0000029e70f20000 - 0x0000029e70f23000 	C:\Users\ducp4\.openjfx\cache\21+31\amd64\api-ms-win-core-sysinfo-l1-1-0.dll
0x0000029e70f30000 - 0x0000029e70f33000 	C:\Users\ducp4\.openjfx\cache\21+31\amd64\api-ms-win-core-timezone-l1-1-0.dll
0x0000029e70f40000 - 0x0000029e70f43000 	C:\Users\ducp4\.openjfx\cache\21+31\amd64\api-ms-win-core-util-l1-1-0.dll
0x0000029e70f50000 - 0x0000029e70f53000 	C:\Users\ducp4\.openjfx\cache\21+31\amd64\api-ms-win-crt-conio-l1-1-0.dll
0x0000029e70f60000 - 0x0000029e70f64000 	C:\Users\ducp4\.openjfx\cache\21+31\amd64\api-ms-win-crt-convert-l1-1-0.dll
0x0000029e70f70000 - 0x0000029e70f73000 	C:\Users\ducp4\.openjfx\cache\21+31\amd64\api-ms-win-crt-environment-l1-1-0.dll
0x0000029e70f80000 - 0x0000029e70f83000 	C:\Users\ducp4\.openjfx\cache\21+31\amd64\api-ms-win-crt-filesystem-l1-1-0.dll
0x0000029e70f90000 - 0x0000029e70f93000 	C:\Users\ducp4\.openjfx\cache\21+31\amd64\api-ms-win-crt-heap-l1-1-0.dll
0x0000029e70fa0000 - 0x0000029e70fa3000 	C:\Users\ducp4\.openjfx\cache\21+31\amd64\api-ms-win-crt-locale-l1-1-0.dll
0x0000029e70fb0000 - 0x0000029e70fb5000 	C:\Users\ducp4\.openjfx\cache\21+31\amd64\api-ms-win-crt-math-l1-1-0.dll
0x0000029e70fc0000 - 0x0000029e70fc5000 	C:\Users\ducp4\.openjfx\cache\21+31\amd64\api-ms-win-crt-multibyte-l1-1-0.dll
0x0000029e70fd0000 - 0x0000029e70fe0000 	C:\Users\ducp4\.openjfx\cache\21+31\amd64\api-ms-win-crt-private-l1-1-0.dll
0x0000029e70fe0000 - 0x0000029e70fe3000 	C:\Users\ducp4\.openjfx\cache\21+31\amd64\api-ms-win-crt-process-l1-1-0.dll
0x0000029e70ff0000 - 0x0000029e70ff4000 	C:\Users\ducp4\.openjfx\cache\21+31\amd64\api-ms-win-crt-runtime-l1-1-0.dll
0x0000029e71000000 - 0x0000029e71004000 	C:\Users\ducp4\.openjfx\cache\21+31\amd64\api-ms-win-crt-stdio-l1-1-0.dll
0x0000029e71010000 - 0x0000029e71014000 	C:\Users\ducp4\.openjfx\cache\21+31\amd64\api-ms-win-crt-string-l1-1-0.dll
0x0000029e71020000 - 0x0000029e71023000 	C:\Users\ducp4\.openjfx\cache\21+31\amd64\api-ms-win-crt-time-l1-1-0.dll
0x0000029e71030000 - 0x0000029e71033000 	C:\Users\ducp4\.openjfx\cache\21+31\amd64\api-ms-win-crt-utility-l1-1-0.dll
0x00007ffa4bab0000 - 0x00007ffa4bbac000 	C:\Users\ducp4\.openjfx\cache\21+31\amd64\ucrtbase.dll
0x00007ffa50a40000 - 0x00007ffa50a5b000 	C:\Users\ducp4\.openjfx\cache\21+31\amd64\vcruntime140.dll
0x00007ffa50a30000 - 0x00007ffa50a3c000 	C:\Users\ducp4\.openjfx\cache\21+31\amd64\vcruntime140_1.dll
0x00007ffa39680000 - 0x00007ffa3970e000 	C:\Users\ducp4\.openjfx\cache\21+31\amd64\msvcp140.dll
0x00007ffa688a0000 - 0x00007ffa68a37000 	C:\WINDOWS\System32\ole32.dll
0x00007ffa50a20000 - 0x00007ffa50a29000 	C:\Users\ducp4\.openjfx\cache\21+31\amd64\msvcp140_1.dll
0x00007ffa4c9a0000 - 0x00007ffa4c9cf000 	C:\Users\ducp4\.openjfx\cache\21+31\amd64\msvcp140_2.dll
0x00007ffa4c4c0000 - 0x00007ffa4c4ef000 	C:\Users\ducp4\.openjfx\cache\21+31\amd64\prism_d3d.dll
0x00007ffa15f90000 - 0x00007ffa16140000 	C:\WINDOWS\system32\d3d9.dll
0x00007ffa65180000 - 0x00007ffa651b0000 	C:\WINDOWS\SYSTEM32\dwmapi.dll
0x00007ffa64fb0000 - 0x00007ffa64ff3000 	C:\WINDOWS\SYSTEM32\dxcore.dll
0x00007ffa64ed0000 - 0x00007ffa64f7a000 	C:\WINDOWS\system32\uxtheme.dll
0x00007ffa15d00000 - 0x00007ffa15f90000 	C:\WINDOWS\System32\DriverStore\FileRepository\iigd_dch.inf_amd64_f93b33e201f14a12\igdumdim64.dll
0x00007ffa14520000 - 0x00007ffa15a71000 	C:\WINDOWS\System32\DriverStore\FileRepository\iigd_dch.inf_amd64_f93b33e201f14a12\igd9trinity64.dll
0x00007ffa65000000 - 0x00007ffa65139000 	C:\WINDOWS\system32\dxgi.dll
0x00007ffa5e360000 - 0x00007ffa5e7a1000 	C:\WINDOWS\System32\DriverStore\FileRepository\iigd_dch.inf_amd64_f93b33e201f14a12\igdgmm64.dll
0x00007ffa5e9b0000 - 0x00007ffa5e9d5000 	C:\WINDOWS\System32\DriverStore\FileRepository\iigd_dch.inf_amd64_f93b33e201f14a12\igc64.dll
0x00007ffa30700000 - 0x00007ffa3074f000 	C:\WINDOWS\SYSTEM32\ControlLib.dll
0x00007ffa67790000 - 0x00007ffa677e7000 	C:\WINDOWS\SYSTEM32\CFGMGR32.dll
0x00007ffa26d40000 - 0x00007ffa26de4000 	C:\WINDOWS\System32\DriverStore\FileRepository\iigd_dch.inf_amd64_f93b33e201f14a12\IntelControlLib.dll
0x00007ffa61ac0000 - 0x00007ffa61b23000 	C:\WINDOWS\SYSTEM32\directxdatabasehelper.dll
0x00007ffa12fd0000 - 0x00007ffa14515000 	C:\WINDOWS\System32\DriverStore\FileRepository\iigd_dch.inf_amd64_f93b33e201f14a12\igd9dxva64.dll
0x00007ffa68a40000 - 0x00007ffa68eca000 	C:\WINDOWS\System32\SETUPAPI.dll
0x00007ffa4c9d0000 - 0x00007ffa4e6fd000 	C:\WINDOWS\System32\DriverStore\FileRepository\iigd_dch.inf_amd64_f93b33e201f14a12\media_bin_64.dll
0x00007ffa4ba20000 - 0x00007ffa4ba62000 	C:\Users\ducp4\.openjfx\cache\21+31\amd64\glass.dll
0x00007ffa68ed0000 - 0x00007ffa68fc2000 	C:\WINDOWS\System32\COMDLG32.dll
0x00007ffa69930000 - 0x00007ffa69a8e000 	C:\WINDOWS\System32\MSCTF.dll
0x00007ffa58960000 - 0x00007ffa5d5fd000 	C:\WINDOWS\System32\DriverStore\FileRepository\iigd_dch.inf_amd64_f93b33e201f14a12\igc-default64.dll
0x00007ffa35570000 - 0x00007ffa356b7000 	C:\WINDOWS\System32\DriverStore\FileRepository\iigd_dch.inf_amd64_f93b33e201f14a12\igdml64.dll
0x00007ffa503d0000 - 0x00007ffa503f8000 	C:\WINDOWS\System32\DriverStore\FileRepository\iigd_dch.inf_amd64_f93b33e201f14a12\igdinfo64.dll
0x00007ffa67200000 - 0x00007ffa6721b000 	C:\WINDOWS\SYSTEM32\CRYPTSP.dll
0x00007ffa66930000 - 0x00007ffa6696a000 	C:\WINDOWS\system32\rsaenh.dll
0x00007ffa67220000 - 0x00007ffa6722c000 	C:\WINDOWS\SYSTEM32\CRYPTBASE.dll
0x00007ffa67b00000 - 0x00007ffa67b2a000 	C:\WINDOWS\SYSTEM32\bcrypt.dll
0x00007ffa50640000 - 0x00007ffa50654000 	C:\Users\ducp4\.openjfx\cache\21+31\amd64\javafx_font.dll
0x00007ffa637f0000 - 0x00007ffa63a57000 	C:\WINDOWS\SYSTEM32\dwrite.dll
0x00007ffa69b20000 - 0x00007ffa69bd0000 	C:\WINDOWS\System32\clbcatq.dll
0x00007ffa635b0000 - 0x00007ffa637e0000 	C:\WINDOWS\SYSTEM32\WindowsCodecs.dll
0x00007ffa2bce0000 - 0x00007ffa2bd3a000 	C:\WINDOWS\system32\dataexchange.dll
0x00007ffa57170000 - 0x00007ffa573b4000 	C:\WINDOWS\system32\twinapi.appcore.dll

dbghelp: loaded successfully - version: 4.0.5 - missing functions: none
symbol engine: initialized successfully - sym options: 0x614 - pdb path: .;C:\Program Files\Java\jdk-21\bin;C:\WINDOWS\SYSTEM32;C:\WINDOWS\WinSxS\amd64_microsoft.windows.common-controls_6595b64144ccf1df_6.0.26100.7019_none_3e06ffa0e335b8a8;C:\Program Files\Java\jdk-21\bin\server;C:\Users\ducp4\.openjfx\cache\21+31\amd64;C:\WINDOWS\System32\DriverStore\FileRepository\iigd_dch.inf_amd64_f93b33e201f14a12;C:\Program Files\Common Files\Microsoft Shared\Ink

VM Arguments:
jvm_args: -javaagent:D:\[phanmemmaytinh.org]Proteus-Professional-8.17-SP2\intellij\IntelliJ IDEA Community Edition 2025.2.4\lib\idea_rt.jar=50488 -Dfile.encoding=UTF-8 -Dsun.stdout.encoding=UTF-8 -Dsun.stderr.encoding=UTF-8 --module-path=C:\Users\ducp4\Downloads\TankServer\target\classes;C:\Users\ducp4\.m2\repository\org\json\json\20230227\json-20230227.jar;C:\Users\ducp4\.m2\repository\org\openjfx\javafx-fxml\21\javafx-fxml-21-win.jar;C:\Users\ducp4\.m2\repository\org\openjfx\javafx-graphics\21\javafx-graphics-21-win.jar;C:\Users\ducp4\.m2\repository\org\openjfx\javafx-base\21\javafx-base-21-win.jar;C:\Users\ducp4\.m2\repository\org\openjfx\javafx-controls\21\javafx-controls-21-win.jar -Djdk.module.main=com.tank2d.tankserver 
java_command: com.tank2d.tankserver/com.tank2d.tankserver.MasterServerMain
java_class_path (initial): C:\Users\ducp4\.m2\repository\com\mysql\mysql-connector-j\9.5.0\mysql-connector-j-9.5.0.jar;C:\Users\ducp4\.m2\repository\com\google\protobuf\protobuf-java\4.31.1\protobuf-java-4.31.1.jar;C:\Users\ducp4\.m2\repository\com\google\code\gson\gson\2.10.1\gson-2.10.1.jar;C:\Users\ducp4\.m2\repository\org\openjfx\javafx-controls\21\javafx-controls-21.jar;C:\Users\ducp4\.m2\repository\org\openjfx\javafx-graphics\21\javafx-graphics-21.jar;C:\Users\ducp4\.m2\repository\org\openjfx\javafx-base\21\javafx-base-21.jar;C:\Users\ducp4\.m2\repository\org\openjfx\javafx-fxml\21\javafx-fxml-21.jar
Launcher Type: SUN_STANDARD

[Global flags]
     intx CICompilerCount                          = 12                                        {product} {ergonomic}
     uint ConcGCThreads                            = 3                                         {product} {ergonomic}
     uint G1ConcRefinementThreads                  = 13                                        {product} {ergonomic}
   size_t G1HeapRegionSize                         = 2097152                                   {product} {ergonomic}
    uintx GCDrainStackTargetSize                   = 64                                        {product} {ergonomic}
   size_t InitialHeapSize                          = 264241152                                 {product} {ergonomic}
   size_t MarkStackSize                            = 4194304                                   {product} {ergonomic}
   size_t MaxHeapSize                              = 4223664128                                {product} {ergonomic}
   size_t MaxNewSize                               = 2533359616                                {product} {ergonomic}
   size_t MinHeapDeltaBytes                        = 2097152                                   {product} {ergonomic}
   size_t MinHeapSize                              = 8388608                                   {product} {ergonomic}
    uintx NonNMethodCodeHeapSize                   = 7602480                                {pd product} {ergonomic}
    uintx NonProfiledCodeHeapSize                  = 122027880                              {pd product} {ergonomic}
    uintx ProfiledCodeHeapSize                     = 122027880                              {pd product} {ergonomic}
    uintx ReservedCodeCacheSize                    = 251658240                              {pd product} {ergonomic}
     bool SegmentedCodeCache                       = true                                      {product} {ergonomic}
   size_t SoftMaxHeapSize                          = 4223664128                             {manageable} {ergonomic}
     bool UseCompressedOops                        = true                           {product lp64_product} {ergonomic}
     bool UseG1GC                                  = true                                      {product} {ergonomic}
     bool UseLargePagesIndividualAllocation        = false                                  {pd product} {ergonomic}

Logging:
Log output configuration:
 #0: stdout all=warning uptime,level,tags foldmultilines=false
 #1: stderr all=off uptime,level,tags foldmultilines=false

Environment Variables:
PATH=C:\Program Files\Microsoft MPI\Bin\;C:\Program Files\Common Files\Oracle\Java\javapath;C:\WINDOWS\system32;C:\WINDOWS;C:\WINDOWS\System32\Wbem;C:\WINDOWS\System32\WindowsPowerShell\v1.0\;C:\WINDOWS\System32\OpenSSH\;C:\Program Files (x86)\Microsoft SQL Server\160\Tools\Binn\;C:\Program Files\Microsoft SQL Server\160\Tools\Binn\;C:\Program Files\Microsoft SQL Server\Client SDK\ODBC\170\Tools\Binn\;C:\Program Files\Microsoft SQL Server\160\DTS\Binn\;C:\Program Files\Azure Data Studio\bin;C:\Program Files\Git\cmd;C:\xampp\php;C:\ProgramData\ComposerSetup\bin;C:\Program Files\MySQL\MySQL Shell 8.0\bin\;C:\Users\ducp4\AppData\Local\Microsoft\WindowsApps;C:\Users\ducp4\AppData\Local\Programs\Microsoft VS Code\bin;C:\Users\ducp4\AppData\Roaming\Composer\vendor\bin;C:\Users\ducp4\AppData\Roaming\npm;C:\Platform-tools\platform-tools;C:\adb;C:\WINDOWS\system32;C:\WINDOWS;C:\WINDOWS\System32\Wbem;C:\WINDOWS\System32\WindowsPowerShell\v1.0\;C:\WINDOWS\System32\OpenSSH\;C:\Program Files (x86)\Eclipse\Sumo\bin\;C:\Program Files (x86)\Eclipse\Sumo\tools\;C:\Users\ducp4\AppData\Local\Programs\Python\Python313\;C:\Users\ducp4\AppData\Local\Programs\Python\Python313\Scripts\;C:\Program Files\dotnet\;C:\Program Files (x86)\Eclipse\Sumo\bin;C:\Program Files\nodejs\;C:\Program Files\Tailscale\;C:\Program Files\MySQL\MySQL Shell 8.0\bin\;C:\Users\ducp4\AppData\Local\Microsoft\WindowsApps;C:\Program Files\Azure Data Studio\bin;C:\Users\ducp4\AppData\Local\Programs\Microsoft VS Code\bin;C:\Users\ducp4\AppData\Roaming\Composer\vendor\bin;C:\Platform-tools\platform-tools;C:\Users\ducp4\AppData\Local\Programs\Python\Python313\;C:\Users\ducp4\AppData\Local\Programs\Python\Python313\Scripts\;C:\Program Files (x86)\Eclipse\Sumo\tools\;D:\[phanmemmaytinh.org]Proteus-Professional-8.17-SP2\intellij\IntelliJ IDEA Community Edition 2025.2.4\bin;C:\Users\ducp4\.dotnet\tools;C:\Users\ducp4\Downloads\ffmpeg-2025-11-17-git-e94439e49b-full_build\ffmpeg-2025-11-17-git-e94439e49b-full_build\bin;C:\Users\ducp4\AppData\Roaming\npm
USERNAME=ducp4
OS=Windows_NT
PROCESSOR_IDENTIFIER=Intel64 Family 6 Model 154 Stepping 3, GenuineIntel
TMP=C:\Users\ducp4\AppData\Local\Temp
TEMP=C:\Users\ducp4\AppData\Local\Temp




Periodic native trim disabled

---------------  S Y S T E M  ---------------

OS:
 Windows 11 , 64 bit Build 26100 (10.0.26100.7019)
OS uptime: 0 days 14:35 hours

CPU: total 16 (initial active 16) (8 cores per cpu, 2 threads per core) family 6 model 154 stepping 3 microcode 0x434, cx8, cmov, fxsr, ht, mmx, 3dnowpref, sse, sse2, sse3, ssse3, sse4.1, sse4.2, popcnt, lzcnt, tsc, tscinvbit, avx, avx2, aes, erms, clmul, bmi1, bmi2, adx, sha, fma, vzeroupper, clflush, clflushopt, clwb, serialize, rdtscp, rdpid, fsrm, f16c, pku, cet_ibt, cet_ss
Processor Information for processor 0
  Max Mhz: 2500, Current Mhz: 2500, Mhz Limit: 2500
Processor Information for processor 1
  Max Mhz: 2500, Current Mhz: 2500, Mhz Limit: 2500
Processor Information for processor 2
  Max Mhz: 2500, Current Mhz: 2500, Mhz Limit: 2500
Processor Information for processor 3
  Max Mhz: 2500, Current Mhz: 2500, Mhz Limit: 2500
Processor Information for processor 4
  Max Mhz: 2500, Current Mhz: 2500, Mhz Limit: 2500
Processor Information for processor 5
  Max Mhz: 2500, Current Mhz: 2500, Mhz Limit: 2500
Processor Information for processor 6
  Max Mhz: 2500, Current Mhz: 2500, Mhz Limit: 2500
Processor Information for processor 7
  Max Mhz: 2500, Current Mhz: 2500, Mhz Limit: 2500
Processor Information for processor 8
  Max Mhz: 2500, Current Mhz: 1800, Mhz Limit: 1800
Processor Information for processor 9
  Max Mhz: 2500, Current Mhz: 1800, Mhz Limit: 1800
Processor Information for processor 10
  Max Mhz: 2500, Current Mhz: 1800, Mhz Limit: 1800
Processor Information for processor 11
  Max Mhz: 2500, Current Mhz: 1800, Mhz Limit: 1800
Processor Information for processor 12
  Max Mhz: 2500, Current Mhz: 1800, Mhz Limit: 1800
Processor Information for processor 13
  Max Mhz: 2500, Current Mhz: 1800, Mhz Limit: 1800
Processor Information for processor 14
  Max Mhz: 2500, Current Mhz: 1800, Mhz Limit: 1800
Processor Information for processor 15
  Max Mhz: 2500, Current Mhz: 1800, Mhz Limit: 1800

Memory: 4k page, system-wide physical 16107M (2058M free)
TotalPageFile size 20426M (AvailPageFile size 5M)
current process WorkingSet (physical memory assigned to process): 346M, peak: 346M
current process commit charge ("private bytes"): 424M, peak: 565M

vm_info: Java HotSpot(TM) 64-Bit Server VM (21.0.1+12-LTS-29) for windows-amd64 JRE (21.0.1+12-LTS-29), built on 2023-10-05T13:27:09Z by "mach5one" with MS VC++ 17.1 (VS2022)

END.
